{"C:\\Users\\bryan\\Documents\\GitHub\\bloglist-frontend\\src\\App.jsx": {"path":"C:\\Users\\bryan\\Documents\\GitHub\\bloglist-frontend\\src\\App.jsx","statementMap":{"0":{"start":{"line":10,"column":12},"end":{"line":84,"column":1}},"1":{"start":{"line":11,"column":28},"end":{"line":11,"column":40}},"2":{"start":{"line":12,"column":34},"end":{"line":12,"column":46}},"3":{"start":{"line":13,"column":34},"end":{"line":13,"column":46}},"4":{"start":{"line":14,"column":26},"end":{"line":14,"column":40}},"5":{"start":{"line":15,"column":42},"end":{"line":15,"column":56}},"6":{"start":{"line":16,"column":42},"end":{"line":16,"column":57}},"7":{"start":{"line":18,"column":27},"end":{"line":21,"column":3}},"8":{"start":{"line":19,"column":4},"end":{"line":19,"column":33}},"9":{"start":{"line":20,"column":4},"end":{"line":20,"column":53}},"10":{"start":{"line":20,"column":23},"end":{"line":20,"column":44}},"11":{"start":{"line":23,"column":26},"end":{"line":25,"column":3}},"12":{"start":{"line":24,"column":4},"end":{"line":24,"column":90}},"13":{"start":{"line":24,"column":39},"end":{"line":24,"column":88}},"14":{"start":{"line":24,"column":69},"end":{"line":24,"column":86}},"15":{"start":{"line":27,"column":2},"end":{"line":35,"column":9}},"16":{"start":{"line":28,"column":4},"end":{"line":28,"column":21}},"17":{"start":{"line":29,"column":27},"end":{"line":29,"column":75}},"18":{"start":{"line":30,"column":4},"end":{"line":34,"column":5}},"19":{"start":{"line":31,"column":23},"end":{"line":31,"column":49}},"20":{"start":{"line":32,"column":6},"end":{"line":32,"column":23}},"21":{"start":{"line":33,"column":6},"end":{"line":33,"column":28}},"22":{"start":{"line":37,"column":22},"end":{"line":57,"column":3}},"23":{"start":{"line":38,"column":4},"end":{"line":38,"column":23}},"24":{"start":{"line":39,"column":4},"end":{"line":55,"column":5}},"25":{"start":{"line":40,"column":19},"end":{"line":42,"column":8}},"26":{"start":{"line":44,"column":6},"end":{"line":44,"column":76}},"27":{"start":{"line":45,"column":6},"end":{"line":45,"column":19}},"28":{"start":{"line":46,"column":6},"end":{"line":46,"column":21}},"29":{"start":{"line":47,"column":6},"end":{"line":47,"column":21}},"30":{"start":{"line":49,"column":6},"end":{"line":49,"column":72}},"31":{"start":{"line":51,"column":6},"end":{"line":51,"column":42}},"32":{"start":{"line":52,"column":6},"end":{"line":54,"column":14}},"33":{"start":{"line":53,"column":8},"end":{"line":53,"column":29}},"34":{"start":{"line":59,"column":2},"end":{"line":83,"column":4}}},"fnMap":{"0":{"name":"(anonymous_0)","decl":{"start":{"line":10,"column":12},"end":{"line":10,"column":13}},"loc":{"start":{"line":10,"column":18},"end":{"line":84,"column":1}},"line":10},"1":{"name":"(anonymous_1)","decl":{"start":{"line":18,"column":27},"end":{"line":18,"column":28}},"loc":{"start":{"line":18,"column":45},"end":{"line":21,"column":3}},"line":18},"2":{"name":"(anonymous_2)","decl":{"start":{"line":20,"column":15},"end":{"line":20,"column":16}},"loc":{"start":{"line":20,"column":21},"end":{"line":20,"column":46}},"line":20},"3":{"name":"(anonymous_3)","decl":{"start":{"line":23,"column":26},"end":{"line":23,"column":27}},"loc":{"start":{"line":23,"column":32},"end":{"line":25,"column":3}},"line":23},"4":{"name":"(anonymous_4)","decl":{"start":{"line":24,"column":30},"end":{"line":24,"column":31}},"loc":{"start":{"line":24,"column":39},"end":{"line":24,"column":88}},"line":24},"5":{"name":"(anonymous_5)","decl":{"start":{"line":24,"column":59},"end":{"line":24,"column":60}},"loc":{"start":{"line":24,"column":69},"end":{"line":24,"column":86}},"line":24},"6":{"name":"(anonymous_6)","decl":{"start":{"line":27,"column":12},"end":{"line":27,"column":13}},"loc":{"start":{"line":27,"column":18},"end":{"line":35,"column":3}},"line":27},"7":{"name":"(anonymous_7)","decl":{"start":{"line":37,"column":22},"end":{"line":37,"column":23}},"loc":{"start":{"line":37,"column":33},"end":{"line":57,"column":3}},"line":37},"8":{"name":"(anonymous_8)","decl":{"start":{"line":52,"column":17},"end":{"line":52,"column":18}},"loc":{"start":{"line":52,"column":23},"end":{"line":54,"column":7}},"line":52}},"branchMap":{"0":{"loc":{"start":{"line":30,"column":4},"end":{"line":34,"column":5}},"type":"if","locations":[{"start":{"line":30,"column":4},"end":{"line":34,"column":5}},{"start":{},"end":{}}],"line":30},"1":{"loc":{"start":{"line":64,"column":7},"end":{"line":80,"column":10}},"type":"cond-expr","locations":[{"start":{"line":65,"column":8},"end":{"line":71,"column":10}},{"start":{"line":72,"column":8},"end":{"line":80,"column":10}}],"line":64}},"s":{"0":0,"1":0,"2":0,"3":0,"4":0,"5":0,"6":0,"7":0,"8":0,"9":0,"10":0,"11":0,"12":0,"13":0,"14":0,"15":0,"16":0,"17":0,"18":0,"19":0,"20":0,"21":0,"22":0,"23":0,"24":0,"25":0,"26":0,"27":0,"28":0,"29":0,"30":0,"31":0,"32":0,"33":0,"34":0},"f":{"0":0,"1":0,"2":0,"3":0,"4":0,"5":0,"6":0,"7":0,"8":0},"b":{"0":[0,0],"1":[0,0]}}
,"C:\\Users\\bryan\\Documents\\GitHub\\bloglist-frontend\\src\\main.jsx": {"path":"C:\\Users\\bryan\\Documents\\GitHub\\bloglist-frontend\\src\\main.jsx","statementMap":{"0":{"start":{"line":4,"column":0},"end":{"line":4,"column":68}}},"fnMap":{},"branchMap":{},"s":{"0":0},"f":{},"b":{}}
,"C:\\Users\\bryan\\Documents\\GitHub\\bloglist-frontend\\src\\components\\Blog.jsx": {"path":"C:\\Users\\bryan\\Documents\\GitHub\\bloglist-frontend\\src\\components\\Blog.jsx","statementMap":{"0":{"start":{"line":4,"column":13},"end":{"line":54,"column":1}},"1":{"start":{"line":5,"column":20},"end":{"line":11,"column":3}},"2":{"start":{"line":12,"column":40},"end":{"line":12,"column":55}},"3":{"start":{"line":13,"column":18},"end":{"line":21,"column":3}},"4":{"start":{"line":15,"column":26},"end":{"line":15,"column":60}},"5":{"start":{"line":16,"column":6},"end":{"line":16,"column":57}},"6":{"start":{"line":17,"column":6},"end":{"line":17,"column":93}},"7":{"start":{"line":18,"column":6},"end":{"line":18,"column":23}},"8":{"start":{"line":20,"column":4},"end":{"line":20,"column":11}},"9":{"start":{"line":23,"column":24},"end":{"line":33,"column":3}},"10":{"start":{"line":25,"column":6},"end":{"line":29,"column":7}},"11":{"start":{"line":26,"column":8},"end":{"line":26,"column":58}},"12":{"start":{"line":27,"column":8},"end":{"line":27,"column":97}},"13":{"start":{"line":28,"column":8},"end":{"line":28,"column":25}},"14":{"start":{"line":32,"column":4},"end":{"line":32,"column":11}},"15":{"start":{"line":35,"column":2},"end":{"line":53,"column":4}},"16":{"start":{"line":38,"column":29},"end":{"line":38,"column":57}}},"fnMap":{"0":{"name":"(anonymous_0)","decl":{"start":{"line":4,"column":13},"end":{"line":4,"column":14}},"loc":{"start":{"line":4,"column":68},"end":{"line":54,"column":1}},"line":4},"1":{"name":"(anonymous_1)","decl":{"start":{"line":13,"column":18},"end":{"line":13,"column":19}},"loc":{"start":{"line":13,"column":24},"end":{"line":21,"column":3}},"line":13},"2":{"name":"fetch","decl":{"start":{"line":14,"column":19},"end":{"line":14,"column":24}},"loc":{"start":{"line":14,"column":27},"end":{"line":19,"column":5}},"line":14},"3":{"name":"(anonymous_3)","decl":{"start":{"line":23,"column":24},"end":{"line":23,"column":25}},"loc":{"start":{"line":23,"column":30},"end":{"line":33,"column":3}},"line":23},"4":{"name":"fetch","decl":{"start":{"line":24,"column":19},"end":{"line":24,"column":24}},"loc":{"start":{"line":24,"column":27},"end":{"line":31,"column":5}},"line":24},"5":{"name":"(anonymous_5)","decl":{"start":{"line":38,"column":23},"end":{"line":38,"column":24}},"loc":{"start":{"line":38,"column":29},"end":{"line":38,"column":57}},"line":38}},"branchMap":{"0":{"loc":{"start":{"line":25,"column":6},"end":{"line":29,"column":7}},"type":"if","locations":[{"start":{"line":25,"column":6},"end":{"line":29,"column":7}},{"start":{},"end":{}}],"line":25},"1":{"loc":{"start":{"line":39,"column":9},"end":{"line":39,"column":54}},"type":"cond-expr","locations":[{"start":{"line":39,"column":23},"end":{"line":39,"column":37}},{"start":{"line":39,"column":40},"end":{"line":39,"column":54}}],"line":39},"2":{"loc":{"start":{"line":42,"column":7},"end":{"line":51,"column":7}},"type":"binary-expr","locations":[{"start":{"line":42,"column":7},"end":{"line":42,"column":18}},{"start":{"line":43,"column":8},"end":{"line":50,"column":14}}],"line":42},"3":{"loc":{"start":{"line":48,"column":11},"end":{"line":48,"column":95}},"type":"binary-expr","locations":[{"start":{"line":48,"column":11},"end":{"line":48,"column":39}},{"start":{"line":48,"column":43},"end":{"line":48,"column":95}}],"line":48}},"s":{"0":1,"1":1,"2":1,"3":1,"4":0,"5":0,"6":0,"7":0,"8":0,"9":1,"10":0,"11":0,"12":0,"13":0,"14":0,"15":1,"16":0},"f":{"0":1,"1":0,"2":0,"3":0,"4":0,"5":0},"b":{"0":[0,0],"1":[0,1],"2":[1,0],"3":[0,0]},"_coverageSchema":"1a1c01bbd47fc00a2c39e90264f33305004495a9","hash":"e83470f650f97619404c0c0cf0fc9932e216dafc"}
,"C:\\Users\\bryan\\Documents\\GitHub\\bloglist-frontend\\src\\components\\BlogForm.jsx": {"path":"C:\\Users\\bryan\\Documents\\GitHub\\bloglist-frontend\\src\\components\\BlogForm.jsx","statementMap":{"0":{"start":{"line":5,"column":17},"end":{"line":38,"column":1}},"1":{"start":{"line":6,"column":30},"end":{"line":6,"column":42}},"2":{"start":{"line":7,"column":32},"end":{"line":7,"column":44}},"3":{"start":{"line":8,"column":26},"end":{"line":8,"column":38}},"4":{"start":{"line":10,"column":20},"end":{"line":18,"column":5}},"5":{"start":{"line":11,"column":8},"end":{"line":11,"column":26}},"6":{"start":{"line":13,"column":12},"end":{"line":13,"column":73}},"7":{"start":{"line":14,"column":12},"end":{"line":14,"column":89}},"8":{"start":{"line":15,"column":12},"end":{"line":15,"column":29}},"9":{"start":{"line":17,"column":8},"end":{"line":17,"column":15}},"10":{"start":{"line":20,"column":4},"end":{"line":37,"column":10}},"11":{"start":{"line":24,"column":71},"end":{"line":24,"column":95}},"12":{"start":{"line":27,"column":73},"end":{"line":27,"column":98}},"13":{"start":{"line":30,"column":67},"end":{"line":30,"column":89}},"14":{"start":{"line":34,"column":41},"end":{"line":34,"column":63}},"15":{"start":{"line":41,"column":0},"end":{"line":48,"column":2}}},"fnMap":{"0":{"name":"(anonymous_0)","decl":{"start":{"line":5,"column":17},"end":{"line":5,"column":18}},"loc":{"start":{"line":5,"column":83},"end":{"line":38,"column":1}},"line":5},"1":{"name":"(anonymous_1)","decl":{"start":{"line":10,"column":20},"end":{"line":10,"column":21}},"loc":{"start":{"line":10,"column":27},"end":{"line":18,"column":5}},"line":10},"2":{"name":"fetch","decl":{"start":{"line":12,"column":23},"end":{"line":12,"column":28}},"loc":{"start":{"line":12,"column":31},"end":{"line":16,"column":9}},"line":12},"3":{"name":"(anonymous_3)","decl":{"start":{"line":24,"column":66},"end":{"line":24,"column":67}},"loc":{"start":{"line":24,"column":71},"end":{"line":24,"column":95}},"line":24},"4":{"name":"(anonymous_4)","decl":{"start":{"line":27,"column":68},"end":{"line":27,"column":69}},"loc":{"start":{"line":27,"column":73},"end":{"line":27,"column":98}},"line":27},"5":{"name":"(anonymous_5)","decl":{"start":{"line":30,"column":62},"end":{"line":30,"column":63}},"loc":{"start":{"line":30,"column":67},"end":{"line":30,"column":89}},"line":30},"6":{"name":"(anonymous_6)","decl":{"start":{"line":34,"column":33},"end":{"line":34,"column":34}},"loc":{"start":{"line":34,"column":39},"end":{"line":34,"column":65}},"line":34}},"branchMap":{},"s":{"0":0,"1":0,"2":0,"3":0,"4":0,"5":0,"6":0,"7":0,"8":0,"9":0,"10":0,"11":0,"12":0,"13":0,"14":0,"15":0},"f":{"0":0,"1":0,"2":0,"3":0,"4":0,"5":0,"6":0},"b":{}}
,"C:\\Users\\bryan\\Documents\\GitHub\\bloglist-frontend\\src\\components\\Blogs.jsx": {"path":"C:\\Users\\bryan\\Documents\\GitHub\\bloglist-frontend\\src\\components\\Blogs.jsx","statementMap":{"0":{"start":{"line":6,"column":14},"end":{"line":36,"column":1}},"1":{"start":{"line":7,"column":17},"end":{"line":11,"column":3}},"2":{"start":{"line":8,"column":4},"end":{"line":8,"column":18}},"3":{"start":{"line":9,"column":4},"end":{"line":9,"column":56}},"4":{"start":{"line":10,"column":4},"end":{"line":10,"column":27}},"5":{"start":{"line":13,"column":2},"end":{"line":35,"column":4}},"6":{"start":{"line":16,"column":8},"end":{"line":20,"column":10}},"7":{"start":{"line":31,"column":33},"end":{"line":31,"column":54}}},"fnMap":{"0":{"name":"(anonymous_0)","decl":{"start":{"line":6,"column":14},"end":{"line":6,"column":15}},"loc":{"start":{"line":6,"column":110},"end":{"line":36,"column":1}},"line":6},"1":{"name":"(anonymous_1)","decl":{"start":{"line":7,"column":17},"end":{"line":7,"column":18}},"loc":{"start":{"line":7,"column":23},"end":{"line":11,"column":3}},"line":7},"2":{"name":"(anonymous_2)","decl":{"start":{"line":15,"column":17},"end":{"line":15,"column":18}},"loc":{"start":{"line":16,"column":8},"end":{"line":20,"column":10}},"line":16},"3":{"name":"(anonymous_3)","decl":{"start":{"line":31,"column":27},"end":{"line":31,"column":28}},"loc":{"start":{"line":31,"column":33},"end":{"line":31,"column":54}},"line":31}},"branchMap":{"0":{"loc":{"start":{"line":24,"column":9},"end":{"line":31,"column":73}},"type":"cond-expr","locations":[{"start":{"line":25,"column":10},"end":{"line":30,"column":12}},{"start":{"line":31,"column":10},"end":{"line":31,"column":73}}],"line":24}},"s":{"0":0,"1":0,"2":0,"3":0,"4":0,"5":0,"6":0,"7":0},"f":{"0":0,"1":0,"2":0,"3":0},"b":{"0":[0,0]}}
,"C:\\Users\\bryan\\Documents\\GitHub\\bloglist-frontend\\src\\components\\LoginForm.jsx": {"path":"C:\\Users\\bryan\\Documents\\GitHub\\bloglist-frontend\\src\\components\\LoginForm.jsx","statementMap":{"0":{"start":{"line":4,"column":18},"end":{"line":27,"column":1}},"1":{"start":{"line":5,"column":2},"end":{"line":26,"column":4}},"2":{"start":{"line":12,"column":36},"end":{"line":12,"column":61}},"3":{"start":{"line":21,"column":36},"end":{"line":21,"column":61}}},"fnMap":{"0":{"name":"(anonymous_0)","decl":{"start":{"line":4,"column":18},"end":{"line":4,"column":19}},"loc":{"start":{"line":4,"column":85},"end":{"line":27,"column":1}},"line":4},"1":{"name":"(anonymous_1)","decl":{"start":{"line":12,"column":20},"end":{"line":12,"column":21}},"loc":{"start":{"line":12,"column":36},"end":{"line":12,"column":61}},"line":12},"2":{"name":"(anonymous_2)","decl":{"start":{"line":21,"column":20},"end":{"line":21,"column":21}},"loc":{"start":{"line":21,"column":36},"end":{"line":21,"column":61}},"line":21}},"branchMap":{},"s":{"0":0,"1":0,"2":0,"3":0},"f":{"0":0,"1":0,"2":0},"b":{}}
,"C:\\Users\\bryan\\Documents\\GitHub\\bloglist-frontend\\src\\components\\Notification.jsx": {"path":"C:\\Users\\bryan\\Documents\\GitHub\\bloglist-frontend\\src\\components\\Notification.jsx","statementMap":{"0":{"start":{"line":3,"column":21},"end":{"line":14,"column":1}},"1":{"start":{"line":4,"column":4},"end":{"line":6,"column":5}},"2":{"start":{"line":5,"column":8},"end":{"line":5,"column":19}},"3":{"start":{"line":7,"column":30},"end":{"line":7,"column":42}},"4":{"start":{"line":9,"column":4},"end":{"line":13,"column":5}}},"fnMap":{"0":{"name":"(anonymous_0)","decl":{"start":{"line":3,"column":21},"end":{"line":3,"column":22}},"loc":{"start":{"line":3,"column":43},"end":{"line":14,"column":1}},"line":3}},"branchMap":{"0":{"loc":{"start":{"line":4,"column":4},"end":{"line":6,"column":5}},"type":"if","locations":[{"start":{"line":4,"column":4},"end":{"line":6,"column":5}},{"start":{},"end":{}}],"line":4}},"s":{"0":0,"1":0,"2":0,"3":0,"4":0},"f":{"0":0},"b":{"0":[0,0]}}
,"C:\\Users\\bryan\\Documents\\GitHub\\bloglist-frontend\\src\\services\\blogs.js": {"path":"C:\\Users\\bryan\\Documents\\GitHub\\bloglist-frontend\\src\\services\\blogs.js","statementMap":{"0":{"start":{"line":2,"column":16},"end":{"line":2,"column":49}},"1":{"start":{"line":4,"column":15},"end":{"line":7,"column":1}},"2":{"start":{"line":5,"column":18},"end":{"line":5,"column":36}},"3":{"start":{"line":6,"column":2},"end":{"line":6,"column":49}},"4":{"start":{"line":6,"column":34},"end":{"line":6,"column":47}},"5":{"start":{"line":9,"column":16},"end":{"line":15,"column":1}},"6":{"start":{"line":10,"column":17},"end":{"line":12,"column":3}},"7":{"start":{"line":13,"column":18},"end":{"line":13,"column":54}},"8":{"start":{"line":14,"column":2},"end":{"line":14,"column":49}},"9":{"start":{"line":14,"column":34},"end":{"line":14,"column":47}},"10":{"start":{"line":17,"column":17},"end":{"line":20,"column":1}},"11":{"start":{"line":18,"column":18},"end":{"line":18,"column":64}},"12":{"start":{"line":19,"column":2},"end":{"line":19,"column":49}},"13":{"start":{"line":19,"column":34},"end":{"line":19,"column":47}},"14":{"start":{"line":22,"column":17},"end":{"line":28,"column":1}},"15":{"start":{"line":23,"column":17},"end":{"line":25,"column":3}},"16":{"start":{"line":26,"column":18},"end":{"line":26,"column":62}},"17":{"start":{"line":27,"column":2},"end":{"line":27,"column":49}},"18":{"start":{"line":27,"column":34},"end":{"line":27,"column":47}}},"fnMap":{"0":{"name":"(anonymous_0)","decl":{"start":{"line":4,"column":15},"end":{"line":4,"column":16}},"loc":{"start":{"line":4,"column":21},"end":{"line":7,"column":1}},"line":4},"1":{"name":"(anonymous_1)","decl":{"start":{"line":6,"column":22},"end":{"line":6,"column":23}},"loc":{"start":{"line":6,"column":34},"end":{"line":6,"column":47}},"line":6},"2":{"name":"(anonymous_2)","decl":{"start":{"line":9,"column":16},"end":{"line":9,"column":17}},"loc":{"start":{"line":9,"column":36},"end":{"line":15,"column":1}},"line":9},"3":{"name":"(anonymous_3)","decl":{"start":{"line":14,"column":22},"end":{"line":14,"column":23}},"loc":{"start":{"line":14,"column":34},"end":{"line":14,"column":47}},"line":14},"4":{"name":"(anonymous_4)","decl":{"start":{"line":17,"column":17},"end":{"line":17,"column":18}},"loc":{"start":{"line":17,"column":41},"end":{"line":20,"column":1}},"line":17},"5":{"name":"(anonymous_5)","decl":{"start":{"line":19,"column":22},"end":{"line":19,"column":23}},"loc":{"start":{"line":19,"column":34},"end":{"line":19,"column":47}},"line":19},"6":{"name":"(anonymous_6)","decl":{"start":{"line":22,"column":17},"end":{"line":22,"column":18}},"loc":{"start":{"line":22,"column":35},"end":{"line":28,"column":1}},"line":22},"7":{"name":"(anonymous_7)","decl":{"start":{"line":27,"column":22},"end":{"line":27,"column":23}},"loc":{"start":{"line":27,"column":34},"end":{"line":27,"column":47}},"line":27}},"branchMap":{},"s":{"0":1,"1":1,"2":0,"3":0,"4":0,"5":1,"6":0,"7":0,"8":0,"9":0,"10":1,"11":0,"12":0,"13":0,"14":1,"15":0,"16":0,"17":0,"18":0},"f":{"0":0,"1":0,"2":0,"3":0,"4":0,"5":0,"6":0,"7":0},"b":{},"_coverageSchema":"1a1c01bbd47fc00a2c39e90264f33305004495a9","hash":"48216d033c0bc9cc675d6cd38a912cf51fc9807e"}
,"C:\\Users\\bryan\\Documents\\GitHub\\bloglist-frontend\\src\\services\\login.js": {"path":"C:\\Users\\bryan\\Documents\\GitHub\\bloglist-frontend\\src\\services\\login.js","statementMap":{"0":{"start":{"line":2,"column":16},"end":{"line":2,"column":49}},"1":{"start":{"line":4,"column":14},"end":{"line":7,"column":1}},"2":{"start":{"line":5,"column":14},"end":{"line":5,"column":52}},"3":{"start":{"line":6,"column":2},"end":{"line":6,"column":18}}},"fnMap":{"0":{"name":"(anonymous_0)","decl":{"start":{"line":4,"column":14},"end":{"line":4,"column":15}},"loc":{"start":{"line":4,"column":35},"end":{"line":7,"column":1}},"line":4}},"branchMap":{},"s":{"0":0,"1":0,"2":0,"3":0},"f":{"0":0},"b":{}}
}
